<?xml version="1.0" encoding="UTF-8"?>
<!-- Generated by org.testng.reporters.JUnitXMLReporter -->
<testsuite hostname="WINDOWS-4ILPKNN" ignored="0" name="Login" tests="5" failures="0" timestamp="2023-04-16T18:15:05 PDT" time="25.635" errors="0">
  <testcase name="Forgotpassword" time="0.971" classname="com.training.testcase.LoginTest"/>
  <testcase name="Sdfclogin" time="2.379" classname="com.training.testcase.LoginTest"/>
  <testcase name="WrongUserandpassword" time="0.403" classname="com.training.testcase.LoginTest"/>
  <testcase name="login" time="0.001" classname="com.training.testcase.LoginTest"/>
  <testcase name="usermenu" time="5.854" classname="com.training.testcase.LoginTest"/>
</testsuite> <!-- Login -->
